<?xml version="1.0" encoding="UTF-8"?>
<testsuite name="com.example.zajecia2.Selenium.UpdateAutoPageTest" tests="1" skipped="0" failures="0" errors="0" timestamp="2024-12-09T09:42:23" hostname="GDA303-12" time="1.709">
  <properties/>
  <testcase name="testUpdateAutoPage()" classname="com.example.zajecia2.Selenium.UpdateAutoPageTest" time="1.709"/>
  <system-out><![CDATA[]]></system-out>
  <system-err><![CDATA[]]></system-err>
</testsuite>
