<?xml version="1.0" encoding="UTF-8"?>
<testsuite name="com.example.zajecia2.TestyOstateczneRestControlera" tests="1" skipped="0" failures="0" errors="0" timestamp="2025-01-12T13:25:00" hostname="KB1" time="0.263">
  <properties/>
  <testcase name="testAktualizujAuto()" classname="com.example.zajecia2.TestyOstateczneRestControlera" time="0.263"/>
  <system-out><![CDATA[Standard Commons Logging discovery in action with spring-jcl: please remove commons-logging.jar from classpath in order to avoid potential conflicts
14:24:56.598 [Test worker] INFO org.springframework.test.context.support.AnnotationConfigContextLoaderUtils -- Could not detect default configuration classes for test class [com.example.zajecia2.TestyOstateczneRestControlera]: TestyOstateczneRestControlera does not declare any static, non-private, non-final, nested classes annotated with @Configuration.
14:24:56.853 [Test worker] INFO org.springframework.boot.test.context.SpringBootTestContextBootstrapper -- Found @SpringBootConfiguration com.example.zajecia2.Zajecia2Application for test class com.example.zajecia2.TestyOstateczneRestControlera

  .   ____          _            __ _ _
 /\\ / ___'_ __ _ _(_)_ __  __ _ \ \ \ \
( ( )\___ | '_ | '_| | '_ \/ _` | \ \ \ \
 \\/  ___)| |_)| | | | | || (_| |  ) ) ) )
  '  |____| .__|_| |_|_| |_\__, | / / / /
 =========|_|==============|___/=/_/_/_/

 :: Spring Boot ::                (v3.3.4)

2025-01-12T14:24:57.659+01:00  INFO 27588 --- [zajecia2] [    Test worker] c.e.z.TestyOstateczneRestControlera      : Starting TestyOstateczneRestControlera using Java 21 with PID 27588 (started by Babsiu in C:\Users\Babsiu\Downloads\MPR_od11zajec-main\MPR_od11zajec-main\backend(API))
2025-01-12T14:24:57.662+01:00  INFO 27588 --- [zajecia2] [    Test worker] c.e.z.TestyOstateczneRestControlera      : No active profile set, falling back to 1 default profile: "default"
2025-01-12T14:25:00.014+01:00  INFO 27588 --- [zajecia2] [    Test worker] o.s.b.t.m.w.SpringBootMockServletContext : Initializing Spring TestDispatcherServlet ''
2025-01-12T14:25:00.014+01:00  INFO 27588 --- [zajecia2] [    Test worker] o.s.t.web.servlet.TestDispatcherServlet  : Initializing Servlet ''
2025-01-12T14:25:00.018+01:00  INFO 27588 --- [zajecia2] [    Test worker] o.s.t.web.servlet.TestDispatcherServlet  : Completed initialization in 2 ms
2025-01-12T14:25:00.062+01:00  INFO 27588 --- [zajecia2] [    Test worker] c.e.z.TestyOstateczneRestControlera      : Started TestyOstateczneRestControlera in 3.056 seconds (process running for 5.293)
]]></system-out>
  <system-err><![CDATA[]]></system-err>
</testsuite>
